PLINK v1.90p 64-bit (16 Jun 2020)
Options in effect:
  --allow-extra-chr
  --make-bed
  --out /Users/melissadrown/Desktop/astipes_mito
  --pca
  --vcf /Users/melissadrown/Desktop/mito_snps/mito_snps_HQ_hardhead_meanDP10_indv95.recode.vcf

Hostname: MacBook-Pro.local
Working directory: /Users/melissadrown/Desktop/mito_snps
Start time: Mon Nov 15 11:42:34 2021

Random number seed: 1636994554
16384 MB RAM detected; reserving 8192 MB for main workspace.
--vcf: /Users/melissadrown/Desktop/astipes_mito-temporary.bed +
/Users/melissadrown/Desktop/astipes_mito-temporary.bim +
/Users/melissadrown/Desktop/astipes_mito-temporary.fam written.
142 variants loaded from .bim file.
65 people (0 males, 0 females, 65 ambiguous) loaded from .fam.
Ambiguous sex IDs written to /Users/melissadrown/Desktop/astipes_mito.nosex .
Using up to 8 threads (change this with --threads).
Before main variant filters, 65 founders and 0 nonfounders present.
Calculating allele frequencies... done.
Total genotyping rate is 0.998483.
142 variants and 65 people pass filters and QC.
Note: No phenotypes present.
Relationship matrix calculation complete.
--pca: Results saved to /Users/melissadrown/Desktop/astipes_mito.eigenval and
/Users/melissadrown/Desktop/astipes_mito.eigenvec .
--make-bed to /Users/melissadrown/Desktop/astipes_mito.bed +
/Users/melissadrown/Desktop/astipes_mito.bim +
/Users/melissadrown/Desktop/astipes_mito.fam ... done.

End time: Mon Nov 15 11:42:34 2021
